<?xml version="1.0" encoding="UTF-8"?>
<!-- Generated by org.testng.reporters.JUnitXMLReporter -->
<testsuite ignored="0" hostname="LP-J54M1Z2" failures="0" tests="4" name="Default test" time="0.115" errors="0" timestamp="2021-06-21T13:11:58 IST">
  <testcase classname="org.weatherapi.BasicExtentReport" name="@BeforeTest startReport" time="-1.624261318064E9">
    <failure type="org.testng.TestNGException" message="
Parameter &amp;apos;OS&amp;apos; is required by BeforeTest on method startReport but has not been marked @Optional or defined
in C:\Users\NehaGo\AppData\Local\Temp\testng-eclipse-320989846\testng-customsuite.xml">
      <![CDATA[org.testng.TestNGException: 
Parameter 'OS' is required by BeforeTest on method startReport but has not been marked @Optional or defined
in C:\Users\NehaGo\AppData\Local\Temp\testng-eclipse-320989846\testng-customsuite.xml
at org.testng.internal.Parameters.createParams(Parameters.java:268)
at org.testng.internal.Parameters.createParametersForMethod(Parameters.java:356)
at org.testng.internal.Parameters.createParameters(Parameters.java:700)
at org.testng.internal.Parameters.createConfigurationParameters(Parameters.java:166)
at org.testng.internal.ConfigInvoker.invokeConfigurations(ConfigInvoker.java:301)
at org.testng.TestRunner.invokeTestConfigurations(TestRunner.java:617)
at org.testng.TestRunner.beforeRun(TestRunner.java:607)
at org.testng.TestRunner.run(TestRunner.java:578)
at org.testng.SuiteRunner.runTest(SuiteRunner.java:384)
at org.testng.SuiteRunner.runSequentially(SuiteRunner.java:378)
at org.testng.SuiteRunner.privateRun(SuiteRunner.java:337)
at org.testng.SuiteRunner.run(SuiteRunner.java:286)
at org.testng.SuiteRunnerWorker.runSuite(SuiteRunnerWorker.java:53)
at org.testng.SuiteRunnerWorker.run(SuiteRunnerWorker.java:96)
at org.testng.TestNG.runSuitesSequentially(TestNG.java:1218)
at org.testng.TestNG.runSuitesLocally(TestNG.java:1140)
at org.testng.TestNG.runSuites(TestNG.java:1069)
at org.testng.TestNG.run(TestNG.java:1037)
at org.testng.remote.AbstractRemoteTestNG.run(AbstractRemoteTestNG.java:115)
at org.testng.remote.RemoteTestNG.initAndRun(RemoteTestNG.java:251)
at org.testng.remote.RemoteTestNG.main(RemoteTestNG.java:77)
]]>
    </failure>
  </testcase> <!-- @BeforeTest startReport -->
  <testcase classname="org.weatherapi.ApiTest" name="@BeforeTest setStation" time="-1.624261318082E9">
    <skipped/>
  </testcase> <!-- @BeforeTest setStation -->
  <testcase classname="org.weatherapi.BasicExtentReport" name="@AfterMethod getResult" time="-1.624261318141E9">
    <skipped/>
  </testcase> <!-- @AfterMethod getResult -->
  <testcase classname="org.weatherapi.BasicExtentReport" name="@AfterMethod getResult" time="-1.62426131815E9">
    <skipped/>
  </testcase> <!-- @AfterMethod getResult -->
  <testcase classname="org.weatherapi.BasicExtentReport" name="@AfterTest tearDown" time="-1.624261318168E9">
    <skipped/>
  </testcase> <!-- @AfterTest tearDown -->
  <testcase classname="org.weatherapi.ApiTest" name="addStation" time="0.0">
    <skipped/>
  </testcase> <!-- addStation -->
  <testcase classname="org.weatherapi.ApiTest" name="addStation" time="0.0">
    <skipped/>
  </testcase> <!-- addStation -->
  <testcase classname="org.weatherapi.ApiTest" name="getStation" time="0.0">
    <skipped/>
  </testcase> <!-- getStation -->
  <testcase classname="org.weatherapi.ApiTest" name="deleteStation" time="0.0">
    <skipped/>
  </testcase> <!-- deleteStation -->
</testsuite> <!-- Default test -->
