<?xml version="1.0" encoding="UTF-8"?>
<!-- Generated by org.testng.reporters.JUnitXMLReporter -->
<testsuite ignored="0" hostname="LP-J54M1Z2" failures="0" tests="5" name="Default test" time="7.818" errors="0" timestamp="2021-06-18T16:29:17 IST">
  <testcase classname="org.weatherapi.ApiTest" name="addStation" time="2.334"/>
  <testcase classname="org.weatherapi.ApiTest" name="addStation" time="0.959"/>
  <testcase classname="org.weatherapi.ApiTest" name="getStation" time="0.652"/>
  <testcase classname="org.weatherapi.ApiTest" name="getStation" time="0.588"/>
  <testcase classname="org.weatherapi.ApiTest" name="deleteStation" time="2.657"/>
</testsuite> <!-- Default test -->
