<?xml version="1.0" encoding="UTF-8"?>
<!-- Generated by org.testng.reporters.JUnitXMLReporter -->
<testsuite ignored="2" hostname="LP-J54M1Z2" failures="0" tests="5" name="Test" time="9.16" errors="0" timestamp="2021-06-21T13:26:47 IST">
  <testcase classname="org.weatherapi.ApiTest" name="addStation" time="2.744"/>
  <testcase classname="org.weatherapi.ApiTest" name="addStation" time="0.759"/>
  <testcase classname="org.weatherapi.ApiTest" name="getStation" time="0.671"/>
  <testcase classname="org.weatherapi.ApiTest" name="getStation" time="0.626"/>
  <testcase classname="org.weatherapi.ApiTest" name="deleteStation" time="3.104"/>
  <testcase classname="org.weatherapi.BasicExtentReport" name="@AfterTest tearDown" time="0.0">
    <ignored/>
  </testcase> <!-- @AfterTest tearDown -->
  <testcase classname="org.weatherapi.BasicExtentReport" name="@BeforeTest startReport" time="0.0">
    <ignored/>
  </testcase> <!-- @BeforeTest startReport -->
</testsuite> <!-- Test -->
