<?xml version="1.0" encoding="UTF-8"?>
<!-- Generated by org.testng.reporters.JUnitXMLReporter -->
<testsuite ignored="2" hostname="LP-J54M1Z2" failures="0" tests="5" name="Test" time="8.611" errors="0" timestamp="2021-06-21T20:32:23 IST">
  <testcase classname="org.weatherapi.ApiTest" name="addStation" time="2.691"/>
  <testcase classname="org.weatherapi.ApiTest" name="addStation" time="0.737"/>
  <testcase classname="org.weatherapi.ApiTest" name="getStation" time="0.694"/>
  <testcase classname="org.weatherapi.ApiTest" name="getStation" time="0.652"/>
  <testcase classname="org.weatherapi.ApiTest" name="deleteStation" time="2.592"/>
  <testcase classname="org.weatherapi.BasicExtentReport" name="@AfterTest tearDown" time="0.0">
    <ignored/>
  </testcase> <!-- @AfterTest tearDown -->
  <testcase classname="org.weatherapi.BasicExtentReport" name="@BeforeTest startReport" time="0.0">
    <ignored/>
  </testcase> <!-- @BeforeTest startReport -->
</testsuite> <!-- Test -->
