<?xml version="1.0" encoding="UTF-8"?>
<testng-results ignored="2" total="7" passed="5" failed="0" skipped="0">
  <reporter-output>
  </reporter-output>
  <suite started-at="2021-06-21T13:26:37 IST" name="Suite" finished-at="2021-06-21T13:26:47 IST" duration-ms="9160">
    <groups>
    </groups>
    <test started-at="2021-06-21T13:26:37 IST" name="Test" finished-at="2021-06-21T13:26:47 IST" duration-ms="9160">
      <class name="org.weatherapi.ApiTest">
        <test-method is-config="true" signature="startReport(java.lang.String, java.lang.String)[pri:0, instance:org.weatherapi.ApiTest@260e86a1]" started-at="2021-06-21T13:26:37 IST" name="startReport" finished-at="2021-06-21T13:26:38 IST" duration-ms="148" status="PASS">
          <params>
            <param index="0">
              <value>
                <![CDATA[Windows]]>
              </value>
            </param>
            <param index="1">
              <value>
                <![CDATA[Chrome]]>
              </value>
            </param>
          </params>
          <reporter-output>
          </reporter-output>
        </test-method> <!-- startReport -->
        <test-method is-config="true" signature="setStation()[pri:0, instance:org.weatherapi.ApiTest@260e86a1]" started-at="2021-06-21T13:26:38 IST" name="setStation" finished-at="2021-06-21T13:26:38 IST" depends-on-methods="org.weatherapi.BasicExtentReport.startReport" duration-ms="783" status="PASS">
          <reporter-output>
          </reporter-output>
        </test-method> <!-- setStation -->
        <test-method signature="addStation(java.lang.String, java.lang.String, double, double, int)[pri:0, instance:org.weatherapi.ApiTest@260e86a1]" started-at="2021-06-21T13:26:38 IST" name="addStation" data-provider="StationDetails" finished-at="2021-06-21T13:26:41 IST" duration-ms="2744" status="PASS">
          <params>
            <param index="0">
              <value>
                <![CDATA[DEMO_TEST001]]>
              </value>
            </param>
            <param index="1">
              <value>
                <![CDATA[Demo Station]]>
              </value>
            </param>
            <param index="2">
              <value>
                <![CDATA[33.33]]>
              </value>
            </param>
            <param index="3">
              <value>
                <![CDATA[-111.43]]>
              </value>
            </param>
            <param index="4">
              <value>
                <![CDATA[444]]>
              </value>
            </param>
          </params>
          <reporter-output>
          </reporter-output>
        </test-method> <!-- addStation -->
        <test-method is-config="true" signature="getResult(org.testng.ITestResult)[pri:0, instance:org.weatherapi.ApiTest@260e86a1]" started-at="2021-06-21T13:26:41 IST" name="getResult" finished-at="2021-06-21T13:26:41 IST" duration-ms="9" status="PASS">
          <params>
            <param index="0">
              <value>
                <![CDATA[[TestResult name=addStation status=SUCCESS method=ApiTest.addStation(java.lang.String, java.lang.String, double, double, int)[pri:0, instance:org.weatherapi.ApiTest@260e86a1] output={null}]]]>
              </value>
            </param>
          </params>
          <reporter-output>
          </reporter-output>
        </test-method> <!-- getResult -->
        <test-method signature="addStation(java.lang.String, java.lang.String, double, double, int)[pri:0, instance:org.weatherapi.ApiTest@260e86a1]" started-at="2021-06-21T13:26:41 IST" name="addStation" data-provider="StationDetails" finished-at="2021-06-21T13:26:42 IST" duration-ms="759" status="PASS">
          <params>
            <param index="0">
              <value>
                <![CDATA[DEMO_TEST002]]>
              </value>
            </param>
            <param index="1">
              <value>
                <![CDATA[Demo Station]]>
              </value>
            </param>
            <param index="2">
              <value>
                <![CDATA[33.44]]>
              </value>
            </param>
            <param index="3">
              <value>
                <![CDATA[-12.44]]>
              </value>
            </param>
            <param index="4">
              <value>
                <![CDATA[444]]>
              </value>
            </param>
          </params>
          <reporter-output>
          </reporter-output>
        </test-method> <!-- addStation -->
        <test-method is-config="true" signature="getResult(org.testng.ITestResult)[pri:0, instance:org.weatherapi.ApiTest@260e86a1]" started-at="2021-06-21T13:26:42 IST" name="getResult" finished-at="2021-06-21T13:26:42 IST" duration-ms="1" status="PASS">
          <params>
            <param index="0">
              <value>
                <![CDATA[[TestResult name=addStation status=SUCCESS method=ApiTest.addStation(java.lang.String, java.lang.String, double, double, int)[pri:0, instance:org.weatherapi.ApiTest@260e86a1] output={null}]]]>
              </value>
            </param>
          </params>
          <reporter-output>
          </reporter-output>
        </test-method> <!-- getResult -->
        <test-method signature="getStation(java.lang.String, java.lang.String, double, double, int)[pri:1, instance:org.weatherapi.ApiTest@260e86a1]" started-at="2021-06-21T13:26:42 IST" name="getStation" data-provider="StationDetails" finished-at="2021-06-21T13:26:43 IST" depends-on-methods="org.weatherapi.ApiTest.addStation" duration-ms="671" status="PASS">
          <params>
            <param index="0">
              <value>
                <![CDATA[DEMO_TEST001]]>
              </value>
            </param>
            <param index="1">
              <value>
                <![CDATA[Demo Station]]>
              </value>
            </param>
            <param index="2">
              <value>
                <![CDATA[33.33]]>
              </value>
            </param>
            <param index="3">
              <value>
                <![CDATA[-111.43]]>
              </value>
            </param>
            <param index="4">
              <value>
                <![CDATA[444]]>
              </value>
            </param>
          </params>
          <reporter-output>
          </reporter-output>
        </test-method> <!-- getStation -->
        <test-method is-config="true" signature="getResult(org.testng.ITestResult)[pri:0, instance:org.weatherapi.ApiTest@260e86a1]" started-at="2021-06-21T13:26:43 IST" name="getResult" finished-at="2021-06-21T13:26:43 IST" duration-ms="1" status="PASS">
          <params>
            <param index="0">
              <value>
                <![CDATA[[TestResult name=getStation status=SUCCESS method=ApiTest.getStation(java.lang.String, java.lang.String, double, double, int)[pri:1, instance:org.weatherapi.ApiTest@260e86a1] output={null}]]]>
              </value>
            </param>
          </params>
          <reporter-output>
          </reporter-output>
        </test-method> <!-- getResult -->
        <test-method signature="getStation(java.lang.String, java.lang.String, double, double, int)[pri:1, instance:org.weatherapi.ApiTest@260e86a1]" started-at="2021-06-21T13:26:43 IST" name="getStation" data-provider="StationDetails" finished-at="2021-06-21T13:26:43 IST" depends-on-methods="org.weatherapi.ApiTest.addStation" duration-ms="626" status="PASS">
          <params>
            <param index="0">
              <value>
                <![CDATA[DEMO_TEST002]]>
              </value>
            </param>
            <param index="1">
              <value>
                <![CDATA[Demo Station]]>
              </value>
            </param>
            <param index="2">
              <value>
                <![CDATA[33.44]]>
              </value>
            </param>
            <param index="3">
              <value>
                <![CDATA[-12.44]]>
              </value>
            </param>
            <param index="4">
              <value>
                <![CDATA[444]]>
              </value>
            </param>
          </params>
          <reporter-output>
          </reporter-output>
        </test-method> <!-- getStation -->
        <test-method is-config="true" signature="getResult(org.testng.ITestResult)[pri:0, instance:org.weatherapi.ApiTest@260e86a1]" started-at="2021-06-21T13:26:43 IST" name="getResult" finished-at="2021-06-21T13:26:43 IST" duration-ms="0" status="PASS">
          <params>
            <param index="0">
              <value>
                <![CDATA[[TestResult name=getStation status=SUCCESS method=ApiTest.getStation(java.lang.String, java.lang.String, double, double, int)[pri:1, instance:org.weatherapi.ApiTest@260e86a1] output={null}]]]>
              </value>
            </param>
          </params>
          <reporter-output>
          </reporter-output>
        </test-method> <!-- getResult -->
        <test-method signature="deleteStation()[pri:2, instance:org.weatherapi.ApiTest@260e86a1]" started-at="2021-06-21T13:26:43 IST" name="deleteStation" finished-at="2021-06-21T13:26:46 IST" depends-on-methods="org.weatherapi.ApiTest.addStation" duration-ms="3104" status="PASS">
          <reporter-output>
          </reporter-output>
        </test-method> <!-- deleteStation -->
        <test-method is-config="true" signature="getResult(org.testng.ITestResult)[pri:0, instance:org.weatherapi.ApiTest@260e86a1]" started-at="2021-06-21T13:26:46 IST" name="getResult" finished-at="2021-06-21T13:26:46 IST" duration-ms="1" status="PASS">
          <params>
            <param index="0">
              <value>
                <![CDATA[[TestResult name=deleteStation status=SUCCESS method=ApiTest.deleteStation()[pri:2, instance:org.weatherapi.ApiTest@260e86a1] output={null}]]]>
              </value>
            </param>
          </params>
          <reporter-output>
          </reporter-output>
        </test-method> <!-- getResult -->
        <test-method is-config="true" signature="tearDown()[pri:0, instance:org.weatherapi.ApiTest@260e86a1]" started-at="2021-06-21T13:26:46 IST" name="tearDown" finished-at="2021-06-21T13:26:47 IST" duration-ms="276" status="PASS">
          <reporter-output>
          </reporter-output>
        </test-method> <!-- tearDown -->
      </class> <!-- org.weatherapi.ApiTest -->
    </test> <!-- Test -->
  </suite> <!-- Suite -->
</testng-results>
