<?xml version="1.0" encoding="UTF-8"?>
<testng-results ignored="0" total="5" passed="5" failed="0" skipped="0">
  <reporter-output>
  </reporter-output>
  <suite started-at="2021-06-18T16:29:09 IST" name="Default suite" finished-at="2021-06-18T16:29:17 IST" duration-ms="7818">
    <groups>
    </groups>
    <test started-at="2021-06-18T16:29:09 IST" name="Default test" finished-at="2021-06-18T16:29:17 IST" duration-ms="7818">
      <class name="org.weatherapi.ApiTest">
        <test-method is-config="true" signature="setStation()[pri:0, instance:org.weatherapi.ApiTest@30bcf3c1]" started-at="2021-06-18T16:29:09 IST" name="setStation" finished-at="2021-06-18T16:29:09 IST" duration-ms="589" status="PASS">
          <reporter-output>
          </reporter-output>
        </test-method> <!-- setStation -->
        <test-method signature="addStation(java.lang.String, java.lang.String, double, double, int)[pri:0, instance:org.weatherapi.ApiTest@30bcf3c1]" started-at="2021-06-18T16:29:09 IST" name="addStation" data-provider="StationDetails" finished-at="2021-06-18T16:29:12 IST" duration-ms="2334" status="PASS">
          <params>
            <param index="0">
              <value>
                <![CDATA[DEMO_TEST001]]>
              </value>
            </param>
            <param index="1">
              <value>
                <![CDATA[Demo Station]]>
              </value>
            </param>
            <param index="2">
              <value>
                <![CDATA[33.33]]>
              </value>
            </param>
            <param index="3">
              <value>
                <![CDATA[-111.43]]>
              </value>
            </param>
            <param index="4">
              <value>
                <![CDATA[444]]>
              </value>
            </param>
          </params>
          <reporter-output>
          </reporter-output>
        </test-method> <!-- addStation -->
        <test-method signature="addStation(java.lang.String, java.lang.String, double, double, int)[pri:0, instance:org.weatherapi.ApiTest@30bcf3c1]" started-at="2021-06-18T16:29:12 IST" name="addStation" data-provider="StationDetails" finished-at="2021-06-18T16:29:13 IST" duration-ms="959" status="PASS">
          <params>
            <param index="0">
              <value>
                <![CDATA[DEMO_TEST002]]>
              </value>
            </param>
            <param index="1">
              <value>
                <![CDATA[Demo Station]]>
              </value>
            </param>
            <param index="2">
              <value>
                <![CDATA[33.44]]>
              </value>
            </param>
            <param index="3">
              <value>
                <![CDATA[-12.44]]>
              </value>
            </param>
            <param index="4">
              <value>
                <![CDATA[444]]>
              </value>
            </param>
          </params>
          <reporter-output>
          </reporter-output>
        </test-method> <!-- addStation -->
        <test-method signature="getStation(java.lang.String, java.lang.String, double, double, int)[pri:1, instance:org.weatherapi.ApiTest@30bcf3c1]" started-at="2021-06-18T16:29:13 IST" name="getStation" data-provider="StationDetails" finished-at="2021-06-18T16:29:13 IST" depends-on-methods="org.weatherapi.ApiTest.addStation" duration-ms="652" status="PASS">
          <params>
            <param index="0">
              <value>
                <![CDATA[DEMO_TEST001]]>
              </value>
            </param>
            <param index="1">
              <value>
                <![CDATA[Demo Station]]>
              </value>
            </param>
            <param index="2">
              <value>
                <![CDATA[33.33]]>
              </value>
            </param>
            <param index="3">
              <value>
                <![CDATA[-111.43]]>
              </value>
            </param>
            <param index="4">
              <value>
                <![CDATA[444]]>
              </value>
            </param>
          </params>
          <reporter-output>
          </reporter-output>
        </test-method> <!-- getStation -->
        <test-method signature="getStation(java.lang.String, java.lang.String, double, double, int)[pri:1, instance:org.weatherapi.ApiTest@30bcf3c1]" started-at="2021-06-18T16:29:13 IST" name="getStation" data-provider="StationDetails" finished-at="2021-06-18T16:29:14 IST" depends-on-methods="org.weatherapi.ApiTest.addStation" duration-ms="588" status="PASS">
          <params>
            <param index="0">
              <value>
                <![CDATA[DEMO_TEST002]]>
              </value>
            </param>
            <param index="1">
              <value>
                <![CDATA[Demo Station]]>
              </value>
            </param>
            <param index="2">
              <value>
                <![CDATA[33.44]]>
              </value>
            </param>
            <param index="3">
              <value>
                <![CDATA[-12.44]]>
              </value>
            </param>
            <param index="4">
              <value>
                <![CDATA[444]]>
              </value>
            </param>
          </params>
          <reporter-output>
          </reporter-output>
        </test-method> <!-- getStation -->
        <test-method signature="deleteStation()[pri:2, instance:org.weatherapi.ApiTest@30bcf3c1]" started-at="2021-06-18T16:29:14 IST" name="deleteStation" finished-at="2021-06-18T16:29:17 IST" depends-on-methods="org.weatherapi.ApiTest.addStation" duration-ms="2657" status="PASS">
          <reporter-output>
          </reporter-output>
        </test-method> <!-- deleteStation -->
      </class> <!-- org.weatherapi.ApiTest -->
    </test> <!-- Default test -->
  </suite> <!-- Default suite -->
</testng-results>
